# JRE version: Java(TM) SE Runtime Environment (15.0.2+7) (build 15.0.2+7-27)
# Java VM: Java HotSpot(TM) 64-Bit Server VM (15.0.2+7-27, mixed mode, sharing, tiered, compressed oops, g1 gc, windows-amd64)
GC Precious Log:
 CPUs: 4 total, 4 available
 Memory: 3787M
 Large Page Support: Disabled
 NUMA Support: Disabled
 Compressed Oops: Enabled (Zero based)
 Heap Region Size: 4M
 Heap Min Capacity: 8M
 Heap Initial Capacity: 60M
 Heap Max Capacity: 4608M
 Pre-touch: Disabled
 Parallel Workers: 4
 Concurrent Workers: 1
 Concurrent Refinement Workers: 4
 Periodic GC: Disabled
Heap:
 garbage-first heap   total 1073152K, used 631244K [0x00000006e0000000, 0x0000000800000000)
  region size 4096K, 57 young (233472K), 7 survivors (28672K)
 Metaspace       used 105994K, capacity 112178K, committed 113992K, reserved 1148928K
  class space    used 12891K, capacity 14269K, committed 15000K, reserved 1048576K
GC Heap History (20 events):
Event: 92.062 GC heap before
{Heap before GC invocations=111 (full 0):
 garbage-first heap   total 675840K, used 426430K [0x00000006e0000000, 0x0000000800000000)
  region size 4096K, 33 young (135168K), 6 survivors (24576K)
 Metaspace       used 102928K, capacity 111921K, committed 112200K, reserved 1146880K
  class space    used 12924K, capacity 14891K, committed 15000K, reserved 1048576K
}
Event: 92.078 GC heap after
{Heap after GC invocations=112 (full 0):
 garbage-first heap   total 675840K, used 281806K [0x00000006e0000000, 0x0000000800000000)
  region size 4096K, 10 young (40960K), 10 survivors (40960K)
 Metaspace       used 102928K, capacity 111921K, committed 112200K, reserved 1146880K
  class space    used 12924K, capacity 14891K, committed 15000K, reserved 1048576K
}
Event: 97.915 GC heap before
{Heap before GC invocations=113 (full 0):
 garbage-first heap   total 798720K, used 634062K [0x00000006e0000000, 0x0000000800000000)
  region size 4096K, 72 young (294912K), 10 survivors (40960K)
 Metaspace       used 100939K, capacity 107070K, committed 112200K, reserved 1146880K
  class space    used 12384K, capacity 13787K, committed 15000K, reserved 1048576K
}
Event: 97.929 GC heap after
{Heap after GC invocations=114 (full 0):
 garbage-first heap   total 798720K, used 243676K [0x00000006e0000000, 0x0000000800000000)
  region size 4096K, 2 young (8192K), 2 survivors (8192K)
 Metaspace       used 100939K, capacity 107070K, committed 112200K, reserved 1146880K
  class space    used 12384K, capacity 13787K, committed 15000K, reserved 1048576K
}
Event: 99.393 GC heap before
{Heap before GC invocations=115 (full 0):
 garbage-first heap   total 798720K, used 505820K [0x00000006e0000000, 0x0000000800000000)
  region size 4096K, 39 young (159744K), 2 survivors (8192K)
 Metaspace       used 101041K, capacity 107134K, committed 112200K, reserved 1146880K
  class space    used 12391K, capacity 13787K, committed 15000K, reserved 1048576K
}
Event: 99.397 GC heap after
{Heap after GC invocations=116 (full 0):
 garbage-first heap   total 798720K, used 272325K [0x00000006e0000000, 0x0000000800000000)
  region size 4096K, 2 young (8192K), 2 survivors (8192K)
 Metaspace       used 101041K, capacity 107134K, committed 112200K, reserved 1146880K
  class space    used 12391K, capacity 13787K, committed 15000K, reserved 1048576K
}
Event: 100.318 GC heap before
{Heap before GC invocations=117 (full 0):
 garbage-first heap   total 798720K, used 382917K [0x00000006e0000000, 0x0000000800000000)
  region size 4096K, 11 young (45056K), 2 survivors (8192K)
 Metaspace       used 101056K, capacity 107134K, committed 112200K, reserved 1146880K
  class space    used 12391K, capacity 13787K, committed 15000K, reserved 1048576K
}
Event: 100.323 GC heap after
{Heap after GC invocations=118 (full 0):
 garbage-first heap   total 798720K, used 298734K [0x00000006e0000000, 0x0000000800000000)
  region size 4096K, 2 young (8192K), 2 survivors (8192K)
 Metaspace       used 101056K, capacity 107134K, committed 112200K, reserved 1146880K
  class space    used 12391K, capacity 13787K, committed 15000K, reserved 1048576K
}
Event: 103.119 GC heap before
{Heap before GC invocations=119 (full 0):
 garbage-first heap   total 798720K, used 679662K [0x00000006e0000000, 0x0000000800000000)
  region size 4096K, 92 young (376832K), 2 survivors (8192K)
 Metaspace       used 105059K, capacity 111255K, committed 113224K, reserved 1146880K
  class space    used 12838K, capacity 14214K, committed 15000K, reserved 1048576K
}
Event: 103.133 GC heap after
{Heap after GC invocations=120 (full 0):
 garbage-first heap   total 798720K, used 235410K [0x00000006e0000000, 0x0000000800000000)
  region size 4096K, 3 young (12288K), 3 survivors (12288K)
 Metaspace       used 105059K, capacity 111255K, committed 113224K, reserved 1146880K
  class space    used 12838K, capacity 14214K, committed 15000K, reserved 1048576K
}
Event: 108.314 GC heap before
{Heap before GC invocations=120 (full 0):
 garbage-first heap   total 798720K, used 673682K [0x00000006e0000000, 0x0000000800000000)
  region size 4096K, 109 young (446464K), 3 survivors (12288K)
 Metaspace       used 105259K, capacity 111497K, committed 113480K, reserved 1148928K
  class space    used 12856K, capacity 14249K, committed 15000K, reserved 1048576K
}
Event: 108.334 GC heap after
{Heap after GC invocations=121 (full 0):
 garbage-first heap   total 798720K, used 237946K [0x00000006e0000000, 0x0000000800000000)
  region size 4096K, 4 young (16384K), 4 survivors (16384K)
 Metaspace       used 105259K, capacity 111497K, committed 113480K, reserved 1148928K
  class space    used 12856K, capacity 14249K, committed 15000K, reserved 1048576K
}
Event: 111.986 GC heap before
{Heap before GC invocations=121 (full 0):
 garbage-first heap   total 798720K, used 672122K [0x00000006e0000000, 0x0000000800000000)
  region size 4096K, 111 young (454656K), 4 survivors (16384K)
 Metaspace       used 105460K, capacity 111755K, committed 113736K, reserved 1148928K
  class space    used 12869K, capacity 14262K, committed 15000K, reserved 1048576K
}
Event: 112.013 GC heap after
{Heap after GC invocations=122 (full 0):
 garbage-first heap   total 798720K, used 243278K [0x00000006e0000000, 0x0000000800000000)
  region size 4096K, 5 young (20480K), 5 survivors (20480K)
 Metaspace       used 105460K, capacity 111755K, committed 113736K, reserved 1148928K
  class space    used 12869K, capacity 14262K, committed 15000K, reserved 1048576K
}
Event: 115.484 GC heap before
{Heap before GC invocations=122 (full 0):
 garbage-first heap   total 798720K, used 677454K [0x00000006e0000000, 0x0000000800000000)
  region size 4096K, 112 young (458752K), 5 survivors (20480K)
 Metaspace       used 105626K, capacity 111819K, committed 113736K, reserved 1148928K
  class space    used 12871K, capacity 14262K, committed 15000K, reserved 1048576K
}
Event: 115.521 GC heap after
{Heap after GC invocations=123 (full 0):
 garbage-first heap   total 798720K, used 249740K [0x00000006e0000000, 0x0000000800000000)
  region size 4096K, 6 young (24576K), 6 survivors (24576K)
 Metaspace       used 105626K, capacity 111819K, committed 113736K, reserved 1148928K
  class space    used 12871K, capacity 14262K, committed 15000K, reserved 1048576K
}
Event: 122.517 GC heap before
{Heap before GC invocations=123 (full 0):
 garbage-first heap   total 798720K, used 794508K [0x00000006e0000000, 0x0000000800000000)
  region size 4096K, 112 young (458752K), 6 survivors (24576K)
 Metaspace       used 105780K, capacity 112075K, committed 113992K, reserved 1148928K
  class space    used 12876K, capacity 14262K, committed 15000K, reserved 1048576K
}
Event: 122.551 GC heap after
{Heap after GC invocations=124 (full 0):
 garbage-first heap   total 831488K, used 281731K [0x00000006e0000000, 0x0000000800000000)
  region size 4096K, 8 young (32768K), 8 survivors (32768K)
 Metaspace       used 105780K, capacity 112075K, committed 113992K, reserved 1148928K
  class space    used 12876K, capacity 14262K, committed 15000K, reserved 1048576K
}
Event: 136.103 GC heap before
{Heap before GC invocations=124 (full 0):
 garbage-first heap   total 831488K, used 633987K [0x00000006e0000000, 0x0000000800000000)
  region size 4096K, 67 young (274432K), 8 survivors (32768K)
 Metaspace       used 105822K, capacity 112075K, committed 113992K, reserved 1148928K
  class space    used 12877K, capacity 14262K, committed 15000K, reserved 1048576K
}
Event: 136.297 GC heap after
{Heap after GC invocations=125 (full 0):
 garbage-first heap   total 831488K, used 274892K [0x00000006e0000000, 0x0000000800000000)
  region size 4096K, 7 young (28672K), 7 survivors (28672K)
 Metaspace       used 105822K, capacity 112075K, committed 113992K, reserved 1148928K
  class space    used 12877K, capacity 14262K, committed 15000K, reserved 1048576K
}

